0 info it worked if it ends with ok
1 verbose cli [ 'C:\\Program Files\\Sublime Text 3\\Packages\\\\node.exe',
1 verbose cli   'C:\\Program Files\\Sublime Text 3\\Packages\\node_modules\\npm\\bin\\npm-cli.js',
1 verbose cli   'start',
1 verbose cli   '.bin/www' ]
2 info using npm@1.3.24
3 info using node@v0.10.25
4 verbose node symlink C:\Program Files\Sublime Text 3\Packages\\node.exe
5 error Error: ENOENT, open 'C:\Users\Tiera\Documents\UROP\IAP-Spring '15\Code\mars-urop-master\mars-urop-master\node_modules\.bin\www\package.json'
6 error If you need help, you may report this *entire* log,
6 error including the npm and node versions, at:
6 error     <http://github.com/isaacs/npm/issues>
7 error System Windows_NT 6.2.9200
8 error command "C:\\Program Files\\Sublime Text 3\\Packages\\\\node.exe" "C:\\Program Files\\Sublime Text 3\\Packages\\node_modules\\npm\\bin\\npm-cli.js" "start" ".bin/www"
9 error cwd C:\Users\Tiera\Documents\UROP\IAP-Spring '15\Code\mars-urop-master\mars-urop-master
10 error node -v v0.10.25
11 error npm -v 1.3.24
12 error path C:\Users\Tiera\Documents\UROP\IAP-Spring '15\Code\mars-urop-master\mars-urop-master\node_modules\.bin\www\package.json
13 error code ENOENT
14 error errno 34
15 verbose exit [ 34, true ]
